  [1m[35m (2.8ms)[0m  [1m[34mSELECT sqlite_version(*)[0m
  [1m[35m (0.0ms)[0m  [1m[34mSELECT sqlite_version(*)[0m
  [1m[35m (0.5ms)[0m  [1m[34mSELECT sqlite_version(*)[0m
  [1m[35m (2.8ms)[0m  [1m[35mCREATE TABLE "schema_migrations" ("version" varchar NOT NULL PRIMARY KEY)[0m
  [1m[35m (18.3ms)[0m  [1m[35mCREATE TABLE "ar_internal_metadata" ("key" varchar NOT NULL PRIMARY KEY, "value" varchar, "created_at" datetime(6) NOT NULL, "updated_at" datetime(6) NOT NULL)[0m
  [1m[35m (0.1ms)[0m  [1m[34mSELECT "schema_migrations"."version" FROM "schema_migrations" ORDER BY "schema_migrations"."version" ASC[0m
Migrating to CreateAuthors (20210311192413)
  [1m[36mTRANSACTION (0.0ms)[0m  [1m[36mbegin transaction[0m
  [1m[35m (0.4ms)[0m  [1m[35mCREATE TABLE "authors" ("id" integer PRIMARY KEY AUTOINCREMENT NOT NULL, "name" varchar, "image_url" varchar, "slug" varchar, "created_at" datetime(6) NOT NULL, "updated_at" datetime(6) NOT NULL)[0m
  [1m[36mActiveRecord::SchemaMigration Create (0.1ms)[0m  [1m[32mINSERT INTO "schema_migrations" ("version") VALUES (?)[0m  [["version", "20210311192413"]]
  [1m[36mTRANSACTION (0.9ms)[0m  [1m[36mcommit transaction[0m
Migrating to CreateBooks (20210311192502)
  [1m[36mTRANSACTION (0.1ms)[0m  [1m[36mbegin transaction[0m
  [1m[35m (0.4ms)[0m  [1m[35mCREATE TABLE "books" ("id" integer PRIMARY KEY AUTOINCREMENT NOT NULL, "title" varchar, "description" varchar, "image_url" varchar, "created_at" datetime(6) NOT NULL, "updated_at" datetime(6) NOT NULL)[0m
  [1m[36mActiveRecord::SchemaMigration Create (0.2ms)[0m  [1m[32mINSERT INTO "schema_migrations" ("version") VALUES (?)[0m  [["version", "20210311192502"]]
  [1m[36mTRANSACTION (0.9ms)[0m  [1m[36mcommit transaction[0m
Migrating to CreatePublishes (20210311192524)
  [1m[36mTRANSACTION (0.1ms)[0m  [1m[36mbegin transaction[0m
  [1m[35m (0.5ms)[0m  [1m[35mCREATE TABLE "publishes" ("id" integer PRIMARY KEY AUTOINCREMENT NOT NULL, "author_id" integer NOT NULL, "book_id" integer NOT NULL, "created_at" datetime(6) NOT NULL, "updated_at" datetime(6) NOT NULL, CONSTRAINT "fk_rails_b4a6a38fd5"
FOREIGN KEY ("author_id")
  REFERENCES "authors" ("id")
, CONSTRAINT "fk_rails_8c074afbe2"
FOREIGN KEY ("book_id")
  REFERENCES "books" ("id")
)[0m
  [1m[35m (0.2ms)[0m  [1m[35mCREATE INDEX "index_publishes_on_author_id" ON "publishes" ("author_id")[0m
  [1m[35m (0.1ms)[0m  [1m[35mCREATE INDEX "index_publishes_on_book_id" ON "publishes" ("book_id")[0m
  [1m[36mActiveRecord::SchemaMigration Create (0.2ms)[0m  [1m[32mINSERT INTO "schema_migrations" ("version") VALUES (?)[0m  [["version", "20210311192524"]]
  [1m[36mTRANSACTION (2.1ms)[0m  [1m[36mcommit transaction[0m
  [1m[36mActiveRecord::InternalMetadata Load (0.1ms)[0m  [1m[34mSELECT "ar_internal_metadata".* FROM "ar_internal_metadata" WHERE "ar_internal_metadata"."key" = ? LIMIT ?[0m  [["key", "environment"], ["LIMIT", 1]]
  [1m[36mTRANSACTION (0.0ms)[0m  [1m[36mbegin transaction[0m
  [1m[36mActiveRecord::InternalMetadata Create (0.4ms)[0m  [1m[32mINSERT INTO "ar_internal_metadata" ("key", "value", "created_at", "updated_at") VALUES (?, ?, ?, ?)[0m  [["key", "environment"], ["value", "development"], ["created_at", "2021-03-11 19:25:32.808360"], ["updated_at", "2021-03-11 19:25:32.808360"]]
  [1m[36mTRANSACTION (0.8ms)[0m  [1m[36mcommit transaction[0m
  [1m[35m (0.1ms)[0m  [1m[34mSELECT sqlite_version(*)[0m
  [1m[35m (0.1ms)[0m  [1m[34mSELECT "schema_migrations"."version" FROM "schema_migrations" ORDER BY "schema_migrations"."version" ASC[0m
  [1m[35m (1.2ms)[0m  [1m[34mSELECT sqlite_version(*)[0m
  [1m[35m (0.3ms)[0m  [1m[34mSELECT "schema_migrations"."version" FROM "schema_migrations" ORDER BY "schema_migrations"."version" ASC[0m
  [1m[35m (0.1ms)[0m  [1m[34mSELECT sqlite_version(*)[0m
  [1m[36mTRANSACTION (0.0ms)[0m  [1m[36mbegin transaction[0m
  [1m[36mBook Create (0.9ms)[0m  [1m[32mINSERT INTO "books" ("title", "description", "image_url", "created_at", "updated_at") VALUES (?, ?, ?, ?, ?)[0m  [["title", "deathly hallows"], ["description", "great book"], ["image_url", "https://ibb.co/Th1Hx13"], ["created_at", "2021-03-11 19:38:49.806983"], ["updated_at", "2021-03-11 19:38:49.806983"]]
  [1m[36mTRANSACTION (1.0ms)[0m  [1m[36mcommit transaction[0m
  [1m[36mTRANSACTION (0.1ms)[0m  [1m[36mbegin transaction[0m
  [1m[36mAuthor Create (0.8ms)[0m  [1m[32mINSERT INTO "authors" ("name", "image_url", "created_at", "updated_at") VALUES (?, ?, ?, ?)[0m  [["name", "JK Rowling"], ["image_url", "https://ibb.co/mGJ1Pv4"], ["created_at", "2021-03-11 19:38:49.820764"], ["updated_at", "2021-03-11 19:38:49.820764"]]
  [1m[36mTRANSACTION (0.7ms)[0m  [1m[36mcommit transaction[0m
  [1m[36mTRANSACTION (0.1ms)[0m  [1m[36mbegin transaction[0m
  [1m[36mPublish Create (1.1ms)[0m  [1m[32mINSERT INTO "publishes" ("author_id", "book_id", "created_at", "updated_at") VALUES (?, ?, ?, ?)[0m  [["author_id", 1], ["book_id", 1], ["created_at", "2021-03-11 19:38:49.859163"], ["updated_at", "2021-03-11 19:38:49.859163"]]
  [1m[36mTRANSACTION (0.8ms)[0m  [1m[36mcommit transaction[0m
  [1m[35m (0.9ms)[0m  [1m[34mSELECT sqlite_version(*)[0m
  [1m[35m (0.3ms)[0m  [1m[34mSELECT "schema_migrations"."version" FROM "schema_migrations" ORDER BY "schema_migrations"."version" ASC[0m
  [1m[35m (0.1ms)[0m  [1m[34mSELECT sqlite_version(*)[0m
  [1m[36mTRANSACTION (0.1ms)[0m  [1m[36mbegin transaction[0m
  [1m[36mBook Create (0.6ms)[0m  [1m[32mINSERT INTO "books" ("title", "description", "image_url", "created_at", "updated_at") VALUES (?, ?, ?, ?, ?)[0m  [["title", "deathly hallows"], ["description", "great book"], ["image_url", "https://ibb.co/Th1Hx13"], ["created_at", "2021-03-11 19:40:51.252591"], ["updated_at", "2021-03-11 19:40:51.252591"]]
  [1m[36mTRANSACTION (0.9ms)[0m  [1m[36mcommit transaction[0m
  [1m[36mTRANSACTION (0.1ms)[0m  [1m[36mbegin transaction[0m
  [1m[36mAuthor Create (0.4ms)[0m  [1m[32mINSERT INTO "authors" ("name", "image_url", "created_at", "updated_at") VALUES (?, ?, ?, ?)[0m  [["name", "JK Rowling"], ["image_url", "https://ibb.co/mGJ1Pv4"], ["created_at", "2021-03-11 19:40:51.263910"], ["updated_at", "2021-03-11 19:40:51.263910"]]
  [1m[36mTRANSACTION (0.8ms)[0m  [1m[36mcommit transaction[0m
  [1m[36mTRANSACTION (0.1ms)[0m  [1m[36mbegin transaction[0m
  [1m[36mPublish Create (0.4ms)[0m  [1m[32mINSERT INTO "publishes" ("author_id", "book_id", "created_at", "updated_at") VALUES (?, ?, ?, ?)[0m  [["author_id", 2], ["book_id", 2], ["created_at", "2021-03-11 19:40:51.282014"], ["updated_at", "2021-03-11 19:40:51.282014"]]
  [1m[36mTRANSACTION (0.7ms)[0m  [1m[36mcommit transaction[0m
  [1m[35m (0.4ms)[0m  [1m[34mSELECT sqlite_version(*)[0m
  [1m[35m (0.1ms)[0m  [1m[34mSELECT "schema_migrations"."version" FROM "schema_migrations" ORDER BY "schema_migrations"."version" ASC[0m
  [1m[35m (0.1ms)[0m  [1m[34mSELECT sqlite_version(*)[0m
  [1m[36mTRANSACTION (0.0ms)[0m  [1m[36mbegin transaction[0m
  [1m[36mBook Create (0.4ms)[0m  [1m[32mINSERT INTO "books" ("title", "description", "image_url", "created_at", "updated_at") VALUES (?, ?, ?, ?, ?)[0m  [["title", "deathly hallows"], ["description", "great book"], ["image_url", "https://ibb.co/Th1Hx13"], ["created_at", "2021-03-11 19:42:35.550523"], ["updated_at", "2021-03-11 19:42:35.550523"]]
  [1m[36mTRANSACTION (0.8ms)[0m  [1m[36mcommit transaction[0m
  [1m[36mTRANSACTION (0.0ms)[0m  [1m[36mbegin transaction[0m
  [1m[36mAuthor Create (0.4ms)[0m  [1m[32mINSERT INTO "authors" ("name", "image_url", "created_at", "updated_at") VALUES (?, ?, ?, ?)[0m  [["name", "JK Rowling"], ["image_url", "https://ibb.co/mGJ1Pv4"], ["created_at", "2021-03-11 19:42:35.561258"], ["updated_at", "2021-03-11 19:42:35.561258"]]
  [1m[36mTRANSACTION (0.8ms)[0m  [1m[36mcommit transaction[0m
  [1m[36mTRANSACTION (0.1ms)[0m  [1m[36mbegin transaction[0m
  [1m[36mPublish Create (0.4ms)[0m  [1m[32mINSERT INTO "publishes" ("author_id", "book_id", "created_at", "updated_at") VALUES (?, ?, ?, ?)[0m  [["author_id", 3], ["book_id", 3], ["created_at", "2021-03-11 19:42:35.590234"], ["updated_at", "2021-03-11 19:42:35.590234"]]
  [1m[36mTRANSACTION (0.8ms)[0m  [1m[36mcommit transaction[0m
  [1m[35m (1.0ms)[0m  [1m[34mSELECT sqlite_version(*)[0m
  [1m[35m (0.4ms)[0m  [1m[34mSELECT "schema_migrations"."version" FROM "schema_migrations" ORDER BY "schema_migrations"."version" ASC[0m
  [1m[35m (0.1ms)[0m  [1m[34mSELECT sqlite_version(*)[0m
  [1m[36mTRANSACTION (0.0ms)[0m  [1m[36mbegin transaction[0m
  [1m[36mBook Create (0.9ms)[0m  [1m[32mINSERT INTO "books" ("title", "description", "image_url", "created_at", "updated_at") VALUES (?, ?, ?, ?, ?)[0m  [["title", "deathly hallows"], ["description", "great book"], ["image_url", "https://ibb.co/Th1Hx13"], ["created_at", "2021-03-11 19:44:04.447828"], ["updated_at", "2021-03-11 19:44:04.447828"]]
  [1m[36mTRANSACTION (0.9ms)[0m  [1m[36mcommit transaction[0m
  [1m[36mTRANSACTION (0.1ms)[0m  [1m[36mbegin transaction[0m
  [1m[36mAuthor Create (0.7ms)[0m  [1m[32mINSERT INTO "authors" ("name", "image_url", "created_at", "updated_at") VALUES (?, ?, ?, ?)[0m  [["name", "JK Rowling"], ["image_url", "https://ibb.co/mGJ1Pv4"], ["created_at", "2021-03-11 19:44:04.460539"], ["updated_at", "2021-03-11 19:44:04.460539"]]
  [1m[36mTRANSACTION (1.0ms)[0m  [1m[36mcommit transaction[0m
  [1m[36mTRANSACTION (0.1ms)[0m  [1m[36mbegin transaction[0m
  [1m[36mPublish Create (1.0ms)[0m  [1m[32mINSERT INTO "publishes" ("author_id", "book_id", "created_at", "updated_at") VALUES (?, ?, ?, ?)[0m  [["author_id", 4], ["book_id", 4], ["created_at", "2021-03-11 19:44:04.500345"], ["updated_at", "2021-03-11 19:44:04.500345"]]
  [1m[36mTRANSACTION (0.9ms)[0m  [1m[36mcommit transaction[0m
  [1m[35m (0.5ms)[0m  [1m[34mSELECT sqlite_version(*)[0m
  [1m[36mBook Load (0.2ms)[0m  [1m[34mSELECT "books".* FROM "books" ORDER BY "books"."id" ASC LIMIT ?[0m  [["LIMIT", 1]]
  [1m[36mBook Load (0.3ms)[0m  [1m[34mSELECT "books".* FROM "books" ORDER BY "books"."id" ASC LIMIT ?[0m  [["LIMIT", 1]]
  [1m[36mAuthor Load (0.2ms)[0m  [1m[34mSELECT "authors".* FROM "authors" ORDER BY "authors"."id" ASC LIMIT ?[0m  [["LIMIT", 1]]
  [1m[36mAuthor Load (0.2ms)[0m  [1m[34mSELECT "authors".* FROM "authors" ORDER BY "authors"."id" ASC LIMIT ?[0m  [["LIMIT", 1]]
  [1m[35m (1.2ms)[0m  [1m[34mSELECT sqlite_version(*)[0m
  [1m[36mBook Load (0.4ms)[0m  [1m[34mSELECT "books".* FROM "books" ORDER BY "books"."id" ASC LIMIT ?[0m  [["LIMIT", 1]]
Started GET "/" for ::1 at 2021-03-11 12:31:45 -0800
Started GET "/" for ::1 at 2021-03-11 12:31:45 -0800
Started GET "/about" for ::1 at 2021-03-11 12:31:45 -0800
  [1m[35m (1.4ms)[0m  [1m[34mSELECT sqlite_version(*)[0m
  [1m[35m (0.3ms)[0m  [1m[34mSELECT "schema_migrations"."version" FROM "schema_migrations" ORDER BY "schema_migrations"."version" ASC[0m
  
ActionController::RoutingError (uninitialized constant PagesController):
  
  
ActionController::RoutingError (uninitialized constant PagesController):
  
  
ActionController::RoutingError (No route matches [GET] "/about"):
  
  [1m[35m (0.9ms)[0m  [1m[34mSELECT sqlite_version(*)[0m
  [1m[35m (0.2ms)[0m  [1m[34mSELECT COUNT(*) FROM "books"[0m
  [1m[35m (0.3ms)[0m  [1m[34mSELECT COUNT(*) FROM "authors"[0m
  [1m[35m (0.4ms)[0m  [1m[34mSELECT sqlite_version(*)[0m
  [1m[35m (0.4ms)[0m  [1m[34mSELECT "schema_migrations"."version" FROM "schema_migrations" ORDER BY "schema_migrations"."version" ASC[0m
  [1m[35m (0.1ms)[0m  [1m[34mSELECT sqlite_version(*)[0m
  [1m[36mTRANSACTION (0.0ms)[0m  [1m[36mbegin transaction[0m
  [1m[36mBook Create (0.8ms)[0m  [1m[32mINSERT INTO "books" ("title", "description", "image_url", "created_at", "updated_at") VALUES (?, ?, ?, ?, ?)[0m  [["title", "deathly hallows"], ["description", "great book"], ["image_url", "https://ibb.co/Th1Hx13"], ["created_at", "2021-03-11 21:10:02.531150"], ["updated_at", "2021-03-11 21:10:02.531150"]]
  [1m[36mTRANSACTION (0.8ms)[0m  [1m[36mcommit transaction[0m
  [1m[36mTRANSACTION (0.1ms)[0m  [1m[36mbegin transaction[0m
  [1m[36mAuthor Create (0.5ms)[0m  [1m[32mINSERT INTO "authors" ("name", "image_url", "slug", "created_at", "updated_at") VALUES (?, ?, ?, ?, ?)[0m  [["name", "JK Rowling"], ["image_url", "https://ibb.co/mGJ1Pv4"], ["slug", "jk-rowling"], ["created_at", "2021-03-11 21:10:02.542547"], ["updated_at", "2021-03-11 21:10:02.542547"]]
  [1m[36mTRANSACTION (0.8ms)[0m  [1m[36mcommit transaction[0m
  [1m[35m (0.9ms)[0m  [1m[34mSELECT sqlite_version(*)[0m
  [1m[35m (0.3ms)[0m  [1m[34mSELECT "schema_migrations"."version" FROM "schema_migrations" ORDER BY "schema_migrations"."version" ASC[0m
  [1m[35m (0.1ms)[0m  [1m[34mSELECT sqlite_version(*)[0m
  [1m[36mTRANSACTION (0.1ms)[0m  [1m[36mbegin transaction[0m
  [1m[36mBook Create (0.9ms)[0m  [1m[32mINSERT INTO "books" ("title", "description", "image_url", "created_at", "updated_at") VALUES (?, ?, ?, ?, ?)[0m  [["title", "deathly hallows"], ["description", "great book"], ["image_url", "https://ibb.co/Th1Hx13"], ["created_at", "2021-03-11 21:14:03.455197"], ["updated_at", "2021-03-11 21:14:03.455197"]]
  [1m[36mTRANSACTION (1.3ms)[0m  [1m[36mcommit transaction[0m
  [1m[36mTRANSACTION (0.1ms)[0m  [1m[36mbegin transaction[0m
  [1m[36mAuthor Create (0.6ms)[0m  [1m[32mINSERT INTO "authors" ("name", "image_url", "slug", "created_at", "updated_at") VALUES (?, ?, ?, ?, ?)[0m  [["name", "JK Rowling"], ["image_url", "https://ibb.co/mGJ1Pv4"], ["slug", "jk-rowling"], ["created_at", "2021-03-11 21:14:03.467429"], ["updated_at", "2021-03-11 21:14:03.467429"]]
  [1m[36mTRANSACTION (0.8ms)[0m  [1m[36mcommit transaction[0m
  [1m[35m (0.8ms)[0m  [1m[34mSELECT sqlite_version(*)[0m
  [1m[35m (0.4ms)[0m  [1m[34mSELECT "schema_migrations"."version" FROM "schema_migrations" ORDER BY "schema_migrations"."version" ASC[0m
  [1m[35m (0.1ms)[0m  [1m[34mSELECT sqlite_version(*)[0m
  [1m[36mTRANSACTION (0.1ms)[0m  [1m[36mbegin transaction[0m
  [1m[36mBook Create (1.1ms)[0m  [1m[32mINSERT INTO "books" ("title", "description", "image_url", "created_at", "updated_at") VALUES (?, ?, ?, ?, ?)[0m  [["title", "deathly hallows"], ["description", "great book"], ["image_url", "https://ibb.co/Th1Hx13"], ["created_at", "2021-03-11 21:22:26.280314"], ["updated_at", "2021-03-11 21:22:26.280314"]]
  [1m[36mTRANSACTION (0.9ms)[0m  [1m[36mcommit transaction[0m
  [1m[36mTRANSACTION (0.1ms)[0m  [1m[36mbegin transaction[0m
  [1m[36mAuthor Create (0.6ms)[0m  [1m[32mINSERT INTO "authors" ("name", "image_url", "slug", "created_at", "updated_at") VALUES (?, ?, ?, ?, ?)[0m  [["name", "JK Rowling"], ["image_url", "https://ibb.co/mGJ1Pv4"], ["slug", "jk-rowling"], ["created_at", "2021-03-11 21:22:26.291642"], ["updated_at", "2021-03-11 21:22:26.291642"]]
  [1m[36mTRANSACTION (0.8ms)[0m  [1m[36mcommit transaction[0m
  [1m[35m (0.4ms)[0m  [1m[34mSELECT sqlite_version(*)[0m
  [1m[35m (0.1ms)[0m  [1m[34mSELECT "schema_migrations"."version" FROM "schema_migrations" ORDER BY "schema_migrations"."version" ASC[0m
  [1m[35m (0.1ms)[0m  [1m[34mSELECT sqlite_version(*)[0m
  [1m[36mTRANSACTION (0.1ms)[0m  [1m[36mbegin transaction[0m
  [1m[36mBook Create (0.5ms)[0m  [1m[32mINSERT INTO "books" ("title", "description", "image_url", "created_at", "updated_at") VALUES (?, ?, ?, ?, ?)[0m  [["title", "deathly hallows"], ["description", "great book"], ["image_url", "https://ibb.co/Th1Hx13"], ["created_at", "2021-03-11 21:23:25.016319"], ["updated_at", "2021-03-11 21:23:25.016319"]]
  [1m[36mTRANSACTION (0.9ms)[0m  [1m[36mcommit transaction[0m
  [1m[36mTRANSACTION (0.1ms)[0m  [1m[36mbegin transaction[0m
  [1m[36mAuthor Create (0.4ms)[0m  [1m[32mINSERT INTO "authors" ("name", "image_url", "slug", "created_at", "updated_at") VALUES (?, ?, ?, ?, ?)[0m  [["name", "JK Rowling"], ["image_url", "https://ibb.co/mGJ1Pv4"], ["slug", "jk-rowling"], ["created_at", "2021-03-11 21:23:25.026634"], ["updated_at", "2021-03-11 21:23:25.026634"]]
  [1m[36mTRANSACTION (0.8ms)[0m  [1m[36mcommit transaction[0m
  [1m[35m (0.5ms)[0m  [1m[34mSELECT sqlite_version(*)[0m
  [1m[35m (0.1ms)[0m  [1m[34mSELECT "schema_migrations"."version" FROM "schema_migrations" ORDER BY "schema_migrations"."version" ASC[0m
  [1m[35m (0.1ms)[0m  [1m[34mSELECT sqlite_version(*)[0m
  [1m[36mTRANSACTION (0.0ms)[0m  [1m[36mbegin transaction[0m
  [1m[36mBook Create (0.4ms)[0m  [1m[32mINSERT INTO "books" ("title", "description", "image_url", "created_at", "updated_at") VALUES (?, ?, ?, ?, ?)[0m  [["title", "deathly hallows"], ["description", "great book"], ["image_url", "https://ibb.co/Th1Hx13"], ["created_at", "2021-03-11 21:23:32.621687"], ["updated_at", "2021-03-11 21:23:32.621687"]]
  [1m[36mTRANSACTION (0.9ms)[0m  [1m[36mcommit transaction[0m
  [1m[36mTRANSACTION (0.1ms)[0m  [1m[36mbegin transaction[0m
  [1m[36mAuthor Create (0.4ms)[0m  [1m[32mINSERT INTO "authors" ("name", "image_url", "slug", "created_at", "updated_at") VALUES (?, ?, ?, ?, ?)[0m  [["name", "JK Rowling"], ["image_url", "https://ibb.co/mGJ1Pv4"], ["slug", "jk-rowling"], ["created_at", "2021-03-11 21:23:32.632736"], ["updated_at", "2021-03-11 21:23:32.632736"]]
  [1m[36mTRANSACTION (1.1ms)[0m  [1m[36mcommit transaction[0m
  [1m[35m (0.9ms)[0m  [1m[34mSELECT sqlite_version(*)[0m
  [1m[35m (0.3ms)[0m  [1m[34mSELECT "schema_migrations"."version" FROM "schema_migrations" ORDER BY "schema_migrations"."version" ASC[0m
  [1m[35m (0.1ms)[0m  [1m[34mSELECT sqlite_version(*)[0m
  [1m[36mTRANSACTION (0.1ms)[0m  [1m[36mbegin transaction[0m
  [1m[36mBook Create (1.1ms)[0m  [1m[32mINSERT INTO "books" ("title", "description", "image_url", "created_at", "updated_at") VALUES (?, ?, ?, ?, ?)[0m  [["title", "deathly hallows"], ["description", "great book"], ["image_url", "https://ibb.co/Th1Hx13"], ["created_at", "2021-03-11 21:27:32.950574"], ["updated_at", "2021-03-11 21:27:32.950574"]]
  [1m[36mTRANSACTION (1.0ms)[0m  [1m[36mcommit transaction[0m
  [1m[36mTRANSACTION (0.1ms)[0m  [1m[36mbegin transaction[0m
  [1m[36mAuthor Create (0.7ms)[0m  [1m[32mINSERT INTO "authors" ("name", "image_url", "slug", "created_at", "updated_at") VALUES (?, ?, ?, ?, ?)[0m  [["name", "JK Rowling"], ["image_url", "https://ibb.co/mGJ1Pv4"], ["slug", "jk-rowling"], ["created_at", "2021-03-11 21:27:32.962306"], ["updated_at", "2021-03-11 21:27:32.962306"]]
  [1m[36mTRANSACTION (0.8ms)[0m  [1m[36mcommit transaction[0m
  [1m[35m (0.9ms)[0m  [1m[34mSELECT sqlite_version(*)[0m
  [1m[35m (0.4ms)[0m  [1m[34mSELECT "schema_migrations"."version" FROM "schema_migrations" ORDER BY "schema_migrations"."version" ASC[0m
  [1m[35m (0.1ms)[0m  [1m[34mSELECT sqlite_version(*)[0m
  [1m[36mTRANSACTION (0.1ms)[0m  [1m[36mbegin transaction[0m
  [1m[36mBook Create (0.9ms)[0m  [1m[32mINSERT INTO "books" ("title", "description", "image_url", "created_at", "updated_at") VALUES (?, ?, ?, ?, ?)[0m  [["title", "deathly hallows"], ["description", "great book"], ["image_url", "https://ibb.co/Th1Hx13"], ["created_at", "2021-03-11 21:28:36.807484"], ["updated_at", "2021-03-11 21:28:36.807484"]]
  [1m[36mTRANSACTION (0.9ms)[0m  [1m[36mcommit transaction[0m
  [1m[36mTRANSACTION (0.1ms)[0m  [1m[36mbegin transaction[0m
  [1m[36mAuthor Create (0.6ms)[0m  [1m[32mINSERT INTO "authors" ("name", "image_url", "slug", "created_at", "updated_at") VALUES (?, ?, ?, ?, ?)[0m  [["name", "JK Rowling"], ["image_url", "https://ibb.co/mGJ1Pv4"], ["slug", "jk-rowling"], ["created_at", "2021-03-11 21:28:36.819351"], ["updated_at", "2021-03-11 21:28:36.819351"]]
  [1m[36mTRANSACTION (0.8ms)[0m  [1m[36mcommit transaction[0m
  [1m[36mTRANSACTION (0.1ms)[0m  [1m[36mbegin transaction[0m
  [1m[36mPublish Create (1.0ms)[0m  [1m[32mINSERT INTO "publishes" ("author_id", "book_id", "created_at", "updated_at") VALUES (?, ?, ?, ?)[0m  [["author_id", 11], ["book_id", 11], ["created_at", "2021-03-11 21:28:36.854433"], ["updated_at", "2021-03-11 21:28:36.854433"]]
  [1m[36mTRANSACTION (1.0ms)[0m  [1m[36mcommit transaction[0m
  [1m[35m (0.4ms)[0m  [1m[34mSELECT sqlite_version(*)[0m
  [1m[35m (0.1ms)[0m  [1m[34mSELECT "schema_migrations"."version" FROM "schema_migrations" ORDER BY "schema_migrations"."version" ASC[0m
  [1m[35m (0.1ms)[0m  [1m[34mSELECT sqlite_version(*)[0m
  [1m[36mTRANSACTION (0.0ms)[0m  [1m[36mbegin transaction[0m
  [1m[36mBook Create (0.5ms)[0m  [1m[32mINSERT INTO "books" ("title", "description", "image_url", "created_at", "updated_at") VALUES (?, ?, ?, ?, ?)[0m  [["title", "deathly hallows"], ["description", "great book"], ["image_url", "https://ibb.co/Th1Hx13"], ["created_at", "2021-03-11 21:29:10.272586"], ["updated_at", "2021-03-11 21:29:10.272586"]]
  [1m[36mTRANSACTION (0.8ms)[0m  [1m[36mcommit transaction[0m
  [1m[36mTRANSACTION (0.1ms)[0m  [1m[36mbegin transaction[0m
  [1m[36mAuthor Create (0.4ms)[0m  [1m[32mINSERT INTO "authors" ("name", "image_url", "slug", "created_at", "updated_at") VALUES (?, ?, ?, ?, ?)[0m  [["name", "JK Rowling"], ["image_url", "https://ibb.co/mGJ1Pv4"], ["slug", "jk-rowling"], ["created_at", "2021-03-11 21:29:10.283020"], ["updated_at", "2021-03-11 21:29:10.283020"]]
  [1m[36mTRANSACTION (11.5ms)[0m  [1m[36mcommit transaction[0m
  [1m[35m (0.4ms)[0m  [1m[34mSELECT sqlite_version(*)[0m
  [1m[35m (0.1ms)[0m  [1m[34mSELECT "schema_migrations"."version" FROM "schema_migrations" ORDER BY "schema_migrations"."version" ASC[0m
  [1m[35m (0.1ms)[0m  [1m[34mSELECT sqlite_version(*)[0m
  [1m[36mTRANSACTION (0.1ms)[0m  [1m[36mbegin transaction[0m
  [1m[36mBook Create (0.5ms)[0m  [1m[32mINSERT INTO "books" ("title", "description", "image_url", "created_at", "updated_at") VALUES (?, ?, ?, ?, ?)[0m  [["title", "deathly hallows"], ["description", "great book"], ["image_url", "https://ibb.co/Th1Hx13"], ["created_at", "2021-03-11 21:29:21.802158"], ["updated_at", "2021-03-11 21:29:21.802158"]]
  [1m[36mTRANSACTION (0.9ms)[0m  [1m[36mcommit transaction[0m
  [1m[36mTRANSACTION (0.1ms)[0m  [1m[36mbegin transaction[0m
  [1m[36mAuthor Create (0.4ms)[0m  [1m[32mINSERT INTO "authors" ("name", "image_url", "slug", "created_at", "updated_at") VALUES (?, ?, ?, ?, ?)[0m  [["name", "JK Rowling"], ["image_url", "https://ibb.co/mGJ1Pv4"], ["slug", "jk-rowling"], ["created_at", "2021-03-11 21:29:21.812822"], ["updated_at", "2021-03-11 21:29:21.812822"]]
  [1m[36mTRANSACTION (0.9ms)[0m  [1m[36mcommit transaction[0m
  [1m[35m (0.4ms)[0m  [1m[34mSELECT sqlite_version(*)[0m
  [1m[35m (0.1ms)[0m  [1m[34mSELECT "schema_migrations"."version" FROM "schema_migrations" ORDER BY "schema_migrations"."version" ASC[0m
  [1m[35m (0.1ms)[0m  [1m[34mSELECT sqlite_version(*)[0m
  [1m[36mTRANSACTION (0.0ms)[0m  [1m[36mbegin transaction[0m
  [1m[36mBook Create (0.5ms)[0m  [1m[32mINSERT INTO "books" ("title", "description", "image_url", "created_at", "updated_at") VALUES (?, ?, ?, ?, ?)[0m  [["title", "deathly hallows"], ["description", "great book"], ["image_url", "https://ibb.co/Th1Hx13"], ["created_at", "2021-03-11 21:30:24.967175"], ["updated_at", "2021-03-11 21:30:24.967175"]]
  [1m[36mTRANSACTION (0.9ms)[0m  [1m[36mcommit transaction[0m
  [1m[36mTRANSACTION (0.1ms)[0m  [1m[36mbegin transaction[0m
  [1m[36mAuthor Create (11.5ms)[0m  [1m[32mINSERT INTO "authors" ("name", "image_url", "slug", "created_at", "updated_at") VALUES (?, ?, ?, ?, ?)[0m  [["name", "JK Rowling"], ["image_url", "https://ibb.co/mGJ1Pv4"], ["slug", "jk-rowling"], ["created_at", "2021-03-11 21:30:24.978065"], ["updated_at", "2021-03-11 21:30:24.978065"]]
  [1m[36mTRANSACTION (0.8ms)[0m  [1m[36mcommit transaction[0m
  [1m[36mTRANSACTION (0.0ms)[0m  [1m[36mbegin transaction[0m
  [1m[36mPublish Create (0.4ms)[0m  [1m[32mINSERT INTO "publishes" ("author_id", "book_id", "created_at", "updated_at") VALUES (?, ?, ?, ?)[0m  [["author_id", 14], ["book_id", 14], ["created_at", "2021-03-11 21:30:25.017592"], ["updated_at", "2021-03-11 21:30:25.017592"]]
  [1m[36mTRANSACTION (0.8ms)[0m  [1m[36mcommit transaction[0m
  [1m[35m (0.4ms)[0m  [1m[34mSELECT sqlite_version(*)[0m
  [1m[36mAuthor Load (0.1ms)[0m  [1m[34mSELECT "authors".* FROM "authors" ORDER BY "authors"."id" ASC LIMIT ?[0m  [["LIMIT", 1]]
  [1m[36mAuthor Load (0.3ms)[0m  [1m[34mSELECT "authors".* FROM "authors" ORDER BY "authors"."id" ASC LIMIT ? OFFSET ?[0m  [["LIMIT", 1], ["OFFSET", 1]]
  [1m[36mAuthor Load (0.3ms)[0m  [1m[34mSELECT "authors".* FROM "authors" ORDER BY "authors"."id" ASC LIMIT ? OFFSET ?[0m  [["LIMIT", 1], ["OFFSET", 2]]
  [1m[36mAuthor Load (0.2ms)[0m  [1m[34mSELECT "authors".* FROM "authors" ORDER BY "authors"."id" ASC LIMIT ? OFFSET ?[0m  [["LIMIT", 1], ["OFFSET", 3]]
  [1m[36mAuthor Load (0.1ms)[0m  [1m[34mSELECT "authors".* FROM "authors" ORDER BY "authors"."id" ASC LIMIT ? OFFSET ?[0m  [["LIMIT", 1], ["OFFSET", 4]]
  [1m[36mBook Load (0.2ms)[0m  [1m[34mSELECT "books".* FROM "books" ORDER BY "books"."id" ASC LIMIT ?[0m  [["LIMIT", 1]]
  [1m[36mPublish Load (0.2ms)[0m  [1m[34mSELECT "publishes".* FROM "publishes" ORDER BY "publishes"."id" ASC LIMIT ?[0m  [["LIMIT", 1]]
  [1m[35m (0.2ms)[0m  [1m[34mSELECT COUNT(*) FROM "authors"[0m
  [1m[35m (0.8ms)[0m  [1m[34mSELECT sqlite_version(*)[0m
  [1m[35m (0.2ms)[0m  [1m[34mSELECT "schema_migrations"."version" FROM "schema_migrations" ORDER BY "schema_migrations"."version" ASC[0m
  [1m[35m (0.1ms)[0m  [1m[34mSELECT sqlite_version(*)[0m
  [1m[36mTRANSACTION (0.1ms)[0m  [1m[36mbegin transaction[0m
  [1m[36mBook Create (0.5ms)[0m  [1m[32mINSERT INTO "books" ("title", "description", "image_url", "created_at", "updated_at") VALUES (?, ?, ?, ?, ?)[0m  [["title", "deathly hallows"], ["description", "great book"], ["image_url", "https://ibb.co/Th1Hx13"], ["created_at", "2021-03-11 21:34:17.401738"], ["updated_at", "2021-03-11 21:34:17.401738"]]
  [1m[36mTRANSACTION (1.4ms)[0m  [1m[36mcommit transaction[0m
  [1m[36mTRANSACTION (0.1ms)[0m  [1m[36mbegin transaction[0m
  [1m[36mAuthor Create (0.4ms)[0m  [1m[32mINSERT INTO "authors" ("name", "image_url", "slug", "created_at", "updated_at") VALUES (?, ?, ?, ?, ?)[0m  [["name", "JK Rowling"], ["image_url", "https://ibb.co/mGJ1Pv4"], ["slug", "jk-rowling"], ["created_at", "2021-03-11 21:34:17.413422"], ["updated_at", "2021-03-11 21:34:17.413422"]]
  [1m[36mTRANSACTION (0.9ms)[0m  [1m[36mcommit transaction[0m
  [1m[36mTRANSACTION (0.0ms)[0m  [1m[36mbegin transaction[0m
  [1m[36mPublish Create (0.4ms)[0m  [1m[32mINSERT INTO "publishes" ("author_id", "book_id", "created_at", "updated_at") VALUES (?, ?, ?, ?)[0m  [["author_id", 15], ["book_id", 15], ["created_at", "2021-03-11 21:34:17.448405"], ["updated_at", "2021-03-11 21:34:17.448405"]]
  [1m[36mTRANSACTION (0.7ms)[0m  [1m[36mcommit transaction[0m
  [1m[35m (0.4ms)[0m  [1m[34mSELECT sqlite_version(*)[0m
  [1m[35m (0.2ms)[0m  [1m[34mSELECT COUNT(*) FROM "authors"[0m
  [1m[36mAuthor Load (0.3ms)[0m  [1m[34mSELECT "authors".* FROM "authors" WHERE "authors"."id" = ? LIMIT ?[0m  [["id", 15], ["LIMIT", 1]]
  [1m[36mAuthor Destroy (1.5ms)[0m  [1m[31mDELETE FROM "authors" WHERE "authors"."id" = ?[0m  [["id", 15]]
  [1m[35m (0.3ms)[0m  [1m[34mSELECT COUNT(*) FROM "authors"[0m
  [1m[36mAuthor Load (0.2ms)[0m  [1m[34mSELECT "authors".* FROM "authors" WHERE "authors"."id" = ? LIMIT ?[0m  [["id", 15], ["LIMIT", 1]]
  [1m[36mTRANSACTION (0.1ms)[0m  [1m[36mbegin transaction[0m
  [1m[36mAuthor Destroy (1.5ms)[0m  [1m[31mDELETE FROM "authors" WHERE "authors"."id" = ?[0m  [["id", 15]]
  [1m[36mTRANSACTION (2.0ms)[0m  [1m[31mrollback transaction[0m
  [1m[36mAuthor Load (0.3ms)[0m  [1m[34mSELECT "authors".* FROM "authors" ORDER BY "authors"."id" ASC LIMIT ?[0m  [["LIMIT", 1]]
  [1m[36mBook Load (0.1ms)[0m  [1m[34mSELECT "books".* FROM "books" ORDER BY "books"."id" ASC LIMIT ?[0m  [["LIMIT", 1]]
  [1m[35m (0.9ms)[0m  [1m[34mSELECT sqlite_version(*)[0m
  [1m[35m (0.1ms)[0m  [1m[34mSELECT "schema_migrations"."version" FROM "schema_migrations" ORDER BY "schema_migrations"."version" ASC[0m
  [1m[35m (0.1ms)[0m  [1m[34mSELECT sqlite_version(*)[0m
  [1m[36mTRANSACTION (0.0ms)[0m  [1m[36mbegin transaction[0m
  [1m[36mBook Create (0.4ms)[0m  [1m[32mINSERT INTO "books" ("title", "description", "image_url", "created_at", "updated_at") VALUES (?, ?, ?, ?, ?)[0m  [["title", "deathly hallows"], ["description", "great book"], ["image_url", "https://ibb.co/Th1Hx13"], ["created_at", "2021-03-11 21:40:15.281959"], ["updated_at", "2021-03-11 21:40:15.281959"]]
  [1m[36mTRANSACTION (1.1ms)[0m  [1m[36mcommit transaction[0m
  [1m[36mTRANSACTION (0.1ms)[0m  [1m[36mbegin transaction[0m
  [1m[36mAuthor Create (0.3ms)[0m  [1m[32mINSERT INTO "authors" ("name", "image_url", "slug", "created_at", "updated_at") VALUES (?, ?, ?, ?, ?)[0m  [["name", "JK Rowling"], ["image_url", "https://ibb.co/mGJ1Pv4"], ["slug", "jk-rowling"], ["created_at", "2021-03-11 21:40:15.292259"], ["updated_at", "2021-03-11 21:40:15.292259"]]
  [1m[36mTRANSACTION (0.9ms)[0m  [1m[36mcommit transaction[0m
  [1m[36mTRANSACTION (0.1ms)[0m  [1m[36mbegin transaction[0m
  [1m[36mPublish Create (0.5ms)[0m  [1m[32mINSERT INTO "publishes" ("author_id", "book_id", "created_at", "updated_at") VALUES (?, ?, ?, ?)[0m  [["author_id", 16], ["book_id", 16], ["created_at", "2021-03-11 21:40:15.327136"], ["updated_at", "2021-03-11 21:40:15.327136"]]
  [1m[36mTRANSACTION (0.8ms)[0m  [1m[36mcommit transaction[0m
  [1m[35m (0.5ms)[0m  [1m[34mSELECT sqlite_version(*)[0m
  [1m[35m (0.1ms)[0m  [1m[34mSELECT COUNT(*) FROM "authors"[0m
  [1m[36mAuthor Load (0.2ms)[0m  [1m[34mSELECT "authors".* FROM "authors" ORDER BY "authors"."id" ASC LIMIT ?[0m  [["LIMIT", 1]]
  [1m[36mAuthor Load (0.2ms)[0m  [1m[34mSELECT "authors".* FROM "authors" ORDER BY "authors"."id" ASC LIMIT ?[0m  [["LIMIT", 1]]
  [1m[35m (0.2ms)[0m  [1m[34mSELECT COUNT(*) FROM "books" INNER JOIN "publishes" ON "books"."id" = "publishes"."book_id" WHERE "publishes"."author_id" = ?[0m  [["author_id", 1]]
  [1m[36mPublish Load (0.2ms)[0m  [1m[34mSELECT "publishes".* FROM "publishes" ORDER BY "publishes"."id" ASC LIMIT ?[0m  [["LIMIT", 1]]
  [1m[35m (1.1ms)[0m  [1m[34mSELECT sqlite_version(*)[0m
  [1m[36mAuthor Load (0.1ms)[0m  [1m[34mSELECT "authors".* FROM "authors" ORDER BY "authors"."id" ASC LIMIT ?[0m  [["LIMIT", 1]]
  [1m[35m (0.8ms)[0m  [1m[34mSELECT sqlite_version(*)[0m
  [1m[35m (0.2ms)[0m  [1m[34mSELECT "schema_migrations"."version" FROM "schema_migrations" ORDER BY "schema_migrations"."version" ASC[0m
  [1m[35m (0.1ms)[0m  [1m[34mSELECT sqlite_version(*)[0m
  [1m[36mTRANSACTION (0.1ms)[0m  [1m[36mbegin transaction[0m
  [1m[36mBook Create (0.5ms)[0m  [1m[32mINSERT INTO "books" ("title", "description", "image_url", "created_at", "updated_at") VALUES (?, ?, ?, ?, ?)[0m  [["title", "deathly hallows"], ["description", "great book"], ["image_url", "https://ibb.co/Th1Hx13"], ["created_at", "2021-03-11 22:05:42.540321"], ["updated_at", "2021-03-11 22:05:42.540321"]]
  [1m[36mTRANSACTION (0.8ms)[0m  [1m[36mcommit transaction[0m
  [1m[36mTRANSACTION (0.1ms)[0m  [1m[36mbegin transaction[0m
  [1m[36mAuthor Create (0.4ms)[0m  [1m[32mINSERT INTO "authors" ("name", "image_url", "slug", "created_at", "updated_at") VALUES (?, ?, ?, ?, ?)[0m  [["name", "JK Rowling"], ["image_url", "https://ibb.co/mGJ1Pv4"], ["slug", "jk-rowling"], ["created_at", "2021-03-11 22:05:42.551553"], ["updated_at", "2021-03-11 22:05:42.551553"]]
  [1m[36mTRANSACTION (0.8ms)[0m  [1m[36mcommit transaction[0m
  [1m[36mTRANSACTION (0.1ms)[0m  [1m[36mbegin transaction[0m
  [1m[36mPublish Create (0.4ms)[0m  [1m[32mINSERT INTO "publishes" ("author_id", "book_id", "created_at", "updated_at") VALUES (?, ?, ?, ?)[0m  [["author_id", 17], ["book_id", 17], ["created_at", "2021-03-11 22:05:42.587716"], ["updated_at", "2021-03-11 22:05:42.587716"]]
  [1m[36mTRANSACTION (0.8ms)[0m  [1m[36mcommit transaction[0m
  [1m[35m (0.5ms)[0m  [1m[34mSELECT sqlite_version(*)[0m
  [1m[36mAuthor Load (0.1ms)[0m  [1m[34mSELECT "authors".* FROM "authors" ORDER BY "authors"."id" ASC LIMIT ?[0m  [["LIMIT", 1]]
  [1m[36mAuthor Load (0.2ms)[0m  [1m[34mSELECT "authors".* FROM "authors" ORDER BY "authors"."id" ASC LIMIT ?[0m  [["LIMIT", 1]]
  [1m[36mAuthor Load (0.4ms)[0m  [1m[34mSELECT "authors".* FROM "authors" ORDER BY "authors"."id" ASC LIMIT ?[0m  [["LIMIT", 1]]
  [1m[35m (0.9ms)[0m  [1m[34mSELECT sqlite_version(*)[0m
  [1m[35m (0.2ms)[0m  [1m[34mSELECT "schema_migrations"."version" FROM "schema_migrations" ORDER BY "schema_migrations"."version" ASC[0m
  [1m[35m (1.1ms)[0m  [1m[34mSELECT sqlite_version(*)[0m
  [1m[35m (0.4ms)[0m  [1m[34mSELECT "schema_migrations"."version" FROM "schema_migrations" ORDER BY "schema_migrations"."version" ASC[0m
  [1m[35m (1.1ms)[0m  [1m[34mSELECT sqlite_version(*)[0m
  [1m[35m (0.3ms)[0m  [1m[34mSELECT "schema_migrations"."version" FROM "schema_migrations" ORDER BY "schema_migrations"."version" ASC[0m
  [1m[35m (0.4ms)[0m  [1m[34mSELECT sqlite_version(*)[0m
  [1m[35m (0.1ms)[0m  [1m[34mSELECT "schema_migrations"."version" FROM "schema_migrations" ORDER BY "schema_migrations"."version" ASC[0m
  [1m[35m (0.4ms)[0m  [1m[34mSELECT sqlite_version(*)[0m
  [1m[35m (0.1ms)[0m  [1m[34mSELECT "schema_migrations"."version" FROM "schema_migrations" ORDER BY "schema_migrations"."version" ASC[0m
  [1m[35m (0.1ms)[0m  [1m[34mSELECT sqlite_version(*)[0m
  [1m[36mTRANSACTION (0.0ms)[0m  [1m[36mbegin transaction[0m
  [1m[36mBook Create (1.2ms)[0m  [1m[32mINSERT INTO "books" ("title", "description", "image_url", "created_at", "updated_at") VALUES (?, ?, ?, ?, ?)[0m  [["title", "deathly hallows"], ["description", "great book"], ["image_url", "https://ibb.co/Th1Hx13"], ["created_at", "2021-03-11 22:25:25.045543"], ["updated_at", "2021-03-11 22:25:25.045543"]]
  [1m[36mTRANSACTION (1.0ms)[0m  [1m[36mcommit transaction[0m
  [1m[36mTRANSACTION (0.1ms)[0m  [1m[36mbegin transaction[0m
  [1m[36mAuthor Create (0.6ms)[0m  [1m[32mINSERT INTO "authors" ("name", "image_url", "slug", "created_at", "updated_at") VALUES (?, ?, ?, ?, ?)[0m  [["name", "JK Rowling"], ["image_url", "https://ibb.co/mGJ1Pv4"], ["slug", "jk-rowling"], ["created_at", "2021-03-11 22:25:25.058138"], ["updated_at", "2021-03-11 22:25:25.058138"]]
  [1m[36mTRANSACTION (0.8ms)[0m  [1m[36mcommit transaction[0m
  [1m[35m (0.4ms)[0m  [1m[34mSELECT sqlite_version(*)[0m
  [1m[35m (0.2ms)[0m  [1m[34mSELECT "schema_migrations"."version" FROM "schema_migrations" ORDER BY "schema_migrations"."version" ASC[0m
  [1m[35m (0.1ms)[0m  [1m[34mSELECT sqlite_version(*)[0m
  [1m[36mTRANSACTION (0.0ms)[0m  [1m[36mbegin transaction[0m
  [1m[36mBook Create (0.4ms)[0m  [1m[32mINSERT INTO "books" ("title", "description", "image_url", "created_at", "updated_at") VALUES (?, ?, ?, ?, ?)[0m  [["title", "deathly hallows"], ["description", "great book"], ["image_url", "https://ibb.co/Th1Hx13"], ["created_at", "2021-03-11 22:25:45.437731"], ["updated_at", "2021-03-11 22:25:45.437731"]]
  [1m[36mTRANSACTION (0.9ms)[0m  [1m[36mcommit transaction[0m
  [1m[36mTRANSACTION (0.1ms)[0m  [1m[36mbegin transaction[0m
  [1m[36mAuthor Create (0.4ms)[0m  [1m[32mINSERT INTO "authors" ("name", "image_url", "slug", "created_at", "updated_at") VALUES (?, ?, ?, ?, ?)[0m  [["name", "JK Rowling"], ["image_url", "https://ibb.co/mGJ1Pv4"], ["slug", "jk-rowling"], ["created_at", "2021-03-11 22:25:45.450295"], ["updated_at", "2021-03-11 22:25:45.450295"]]
  [1m[36mTRANSACTION (0.7ms)[0m  [1m[36mcommit transaction[0m
  [1m[36mTRANSACTION (0.1ms)[0m  [1m[36mbegin transaction[0m
  [1m[36mPublish Create (0.5ms)[0m  [1m[32mINSERT INTO "publishes" ("author_id", "book_id", "created_at", "updated_at") VALUES (?, ?, ?, ?)[0m  [["author_id", 19], ["book_id", 19], ["created_at", "2021-03-11 22:25:45.496430"], ["updated_at", "2021-03-11 22:25:45.496430"]]
  [1m[36mTRANSACTION (0.7ms)[0m  [1m[36mcommit transaction[0m
  [1m[35m (0.4ms)[0m  [1m[34mSELECT sqlite_version(*)[0m
  [1m[35m (0.1ms)[0m  [1m[34mSELECT "schema_migrations"."version" FROM "schema_migrations" ORDER BY "schema_migrations"."version" ASC[0m
  [1m[35m (0.4ms)[0m  [1m[34mSELECT sqlite_version(*)[0m
  [1m[36mAuthor Load (0.1ms)[0m  [1m[34mSELECT "authors".* FROM "authors" ORDER BY "authors"."id" ASC LIMIT ?[0m  [["LIMIT", 1]]
  [1m[35m (0.3ms)[0m  [1m[34mSELECT COUNT(*) FROM "authors"[0m
  [1m[36mAuthor Load (0.5ms)[0m  [1m[34mSELECT "authors".* FROM "authors" WHERE "authors"."id" = ? LIMIT ?[0m  [["id", 19], ["LIMIT", 1]]
  [1m[35m (0.1ms)[0m  [1m[34mSELECT COUNT(*) FROM "publishes"[0m
  [1m[36mPublish Load (0.2ms)[0m  [1m[34mSELECT "publishes".* FROM "publishes" WHERE "publishes"."id" = ? LIMIT ?[0m  [["id", 10], ["LIMIT", 1]]
  [1m[36mPublish Load (0.2ms)[0m  [1m[34mSELECT "publishes".* FROM "publishes" WHERE "publishes"."id" = ? LIMIT ?[0m  [["id", 10], ["LIMIT", 1]]
